<?xml version="1.0" encoding="UTF-8"?>
<testsuite xmlns:xsi="http://www.w3.org/2001/XMLSchema-instance" xsi:noNamespaceSchemaLocation="https://maven.apache.org/surefire/maven-surefire-plugin/xsd/surefire-test-report-3.0.xsd" version="3.0" name="com.quizzer.QuizzerApplicationTests" time="3.936" tests="1" errors="0" skipped="0" failures="0">
  <properties>
    <property name="java.specification.version" value="17"/>
    <property name="sun.jnu.encoding" value="UTF-8"/>
    <property name="java.class.path" value="/Users/priyankpatel/Documents/MyCode/JAVA/Quizzer/target/test-classes:/Users/priyankpatel/Documents/MyCode/JAVA/Quizzer/target/classes:/Users/priyankpatel/.m2/repository/org/springframework/boot/spring-boot-starter-data-jpa/3.3.3/spring-boot-starter-data-jpa-3.3.3.jar:/Users/priyankpatel/.m2/repository/org/springframework/boot/spring-boot-starter-aop/3.3.3/spring-boot-starter-aop-3.3.3.jar:/Users/priyankpatel/.m2/repository/org/aspectj/aspectjweaver/1.9.22.1/aspectjweaver-1.9.22.1.jar:/Users/priyankpatel/.m2/repository/org/springframework/boot/spring-boot-starter-jdbc/3.3.3/spring-boot-starter-jdbc-3.3.3.jar:/Users/priyankpatel/.m2/repository/com/zaxxer/HikariCP/5.1.0/HikariCP-5.1.0.jar:/Users/priyankpatel/.m2/repository/org/springframework/spring-jdbc/6.1.12/spring-jdbc-6.1.12.jar:/Users/priyankpatel/.m2/repository/org/hibernate/orm/hibernate-core/6.5.2.Final/hibernate-core-6.5.2.Final.jar:/Users/priyankpatel/.m2/repository/jakarta/persistence/jakarta.persistence-api/3.1.0/jakarta.persistence-api-3.1.0.jar:/Users/priyankpatel/.m2/repository/jakarta/transaction/jakarta.transaction-api/2.0.1/jakarta.transaction-api-2.0.1.jar:/Users/priyankpatel/.m2/repository/org/jboss/logging/jboss-logging/3.5.3.Final/jboss-logging-3.5.3.Final.jar:/Users/priyankpatel/.m2/repository/org/hibernate/common/hibernate-commons-annotations/6.0.6.Final/hibernate-commons-annotations-6.0.6.Final.jar:/Users/priyankpatel/.m2/repository/io/smallrye/jandex/3.1.2/jandex-3.1.2.jar:/Users/priyankpatel/.m2/repository/com/fasterxml/classmate/1.7.0/classmate-1.7.0.jar:/Users/priyankpatel/.m2/repository/net/bytebuddy/byte-buddy/1.14.19/byte-buddy-1.14.19.jar:/Users/priyankpatel/.m2/repository/org/glassfish/jaxb/jaxb-runtime/4.0.5/jaxb-runtime-4.0.5.jar:/Users/priyankpatel/.m2/repository/org/glassfish/jaxb/jaxb-core/4.0.5/jaxb-core-4.0.5.jar:/Users/priyankpatel/.m2/repository/org/glassfish/jaxb/txw2/4.0.5/txw2-4.0.5.jar:/Users/priyankpatel/.m2/repository/com/sun/istack/istack-commons-runtime/4.1.2/istack-commons-runtime-4.1.2.jar:/Users/priyankpatel/.m2/repository/jakarta/inject/jakarta.inject-api/2.0.1/jakarta.inject-api-2.0.1.jar:/Users/priyankpatel/.m2/repository/org/antlr/antlr4-runtime/4.13.0/antlr4-runtime-4.13.0.jar:/Users/priyankpatel/.m2/repository/org/springframework/data/spring-data-jpa/3.3.3/spring-data-jpa-3.3.3.jar:/Users/priyankpatel/.m2/repository/org/springframework/data/spring-data-commons/3.3.3/spring-data-commons-3.3.3.jar:/Users/priyankpatel/.m2/repository/org/springframework/spring-orm/6.1.12/spring-orm-6.1.12.jar:/Users/priyankpatel/.m2/repository/org/springframework/spring-context/6.1.12/spring-context-6.1.12.jar:/Users/priyankpatel/.m2/repository/org/springframework/spring-beans/6.1.12/spring-beans-6.1.12.jar:/Users/priyankpatel/.m2/repository/jakarta/annotation/jakarta.annotation-api/2.1.1/jakarta.annotation-api-2.1.1.jar:/Users/priyankpatel/.m2/repository/org/springframework/spring-aspects/6.1.12/spring-aspects-6.1.12.jar:/Users/priyankpatel/.m2/repository/org/springframework/boot/spring-boot-starter-security/3.3.3/spring-boot-starter-security-3.3.3.jar:/Users/priyankpatel/.m2/repository/org/springframework/boot/spring-boot-starter/3.3.3/spring-boot-starter-3.3.3.jar:/Users/priyankpatel/.m2/repository/org/springframework/boot/spring-boot/3.3.3/spring-boot-3.3.3.jar:/Users/priyankpatel/.m2/repository/org/springframework/boot/spring-boot-autoconfigure/3.3.3/spring-boot-autoconfigure-3.3.3.jar:/Users/priyankpatel/.m2/repository/org/springframework/boot/spring-boot-starter-logging/3.3.3/spring-boot-starter-logging-3.3.3.jar:/Users/priyankpatel/.m2/repository/ch/qos/logback/logback-classic/1.5.7/logback-classic-1.5.7.jar:/Users/priyankpatel/.m2/repository/ch/qos/logback/logback-core/1.5.7/logback-core-1.5.7.jar:/Users/priyankpatel/.m2/repository/org/apache/logging/log4j/log4j-to-slf4j/2.23.1/log4j-to-slf4j-2.23.1.jar:/Users/priyankpatel/.m2/repository/org/apache/logging/log4j/log4j-api/2.23.1/log4j-api-2.23.1.jar:/Users/priyankpatel/.m2/repository/org/slf4j/jul-to-slf4j/2.0.16/jul-to-slf4j-2.0.16.jar:/Users/priyankpatel/.m2/repository/org/yaml/snakeyaml/2.2/snakeyaml-2.2.jar:/Users/priyankpatel/.m2/repository/org/springframework/spring-aop/6.1.12/spring-aop-6.1.12.jar:/Users/priyankpatel/.m2/repository/org/springframework/security/spring-security-config/6.3.3/spring-security-config-6.3.3.jar:/Users/priyankpatel/.m2/repository/org/springframework/security/spring-security-web/6.3.3/spring-security-web-6.3.3.jar:/Users/priyankpatel/.m2/repository/org/springframework/spring-expression/6.1.12/spring-expression-6.1.12.jar:/Users/priyankpatel/.m2/repository/org/springframework/boot/spring-boot-starter-validation/3.3.3/spring-boot-starter-validation-3.3.3.jar:/Users/priyankpatel/.m2/repository/org/apache/tomcat/embed/tomcat-embed-el/10.1.28/tomcat-embed-el-10.1.28.jar:/Users/priyankpatel/.m2/repository/org/hibernate/validator/hibernate-validator/8.0.1.Final/hibernate-validator-8.0.1.Final.jar:/Users/priyankpatel/.m2/repository/jakarta/validation/jakarta.validation-api/3.0.2/jakarta.validation-api-3.0.2.jar:/Users/priyankpatel/.m2/repository/org/springframework/boot/spring-boot-starter-web/3.3.3/spring-boot-starter-web-3.3.3.jar:/Users/priyankpatel/.m2/repository/org/springframework/boot/spring-boot-starter-json/3.3.3/spring-boot-starter-json-3.3.3.jar:/Users/priyankpatel/.m2/repository/com/fasterxml/jackson/datatype/jackson-datatype-jdk8/2.17.2/jackson-datatype-jdk8-2.17.2.jar:/Users/priyankpatel/.m2/repository/com/fasterxml/jackson/datatype/jackson-datatype-jsr310/2.17.2/jackson-datatype-jsr310-2.17.2.jar:/Users/priyankpatel/.m2/repository/com/fasterxml/jackson/module/jackson-module-parameter-names/2.17.2/jackson-module-parameter-names-2.17.2.jar:/Users/priyankpatel/.m2/repository/org/springframework/boot/spring-boot-starter-tomcat/3.3.3/spring-boot-starter-tomcat-3.3.3.jar:/Users/priyankpatel/.m2/repository/org/apache/tomcat/embed/tomcat-embed-core/10.1.28/tomcat-embed-core-10.1.28.jar:/Users/priyankpatel/.m2/repository/org/apache/tomcat/embed/tomcat-embed-websocket/10.1.28/tomcat-embed-websocket-10.1.28.jar:/Users/priyankpatel/.m2/repository/org/springframework/spring-web/6.1.12/spring-web-6.1.12.jar:/Users/priyankpatel/.m2/repository/io/micrometer/micrometer-observation/1.13.3/micrometer-observation-1.13.3.jar:/Users/priyankpatel/.m2/repository/io/micrometer/micrometer-commons/1.13.3/micrometer-commons-1.13.3.jar:/Users/priyankpatel/.m2/repository/org/springframework/spring-webmvc/6.1.12/spring-webmvc-6.1.12.jar:/Users/priyankpatel/.m2/repository/org/springframework/boot/spring-boot-starter-mail/3.3.3/spring-boot-starter-mail-3.3.3.jar:/Users/priyankpatel/.m2/repository/org/springframework/spring-context-support/6.1.12/spring-context-support-6.1.12.jar:/Users/priyankpatel/.m2/repository/org/eclipse/angus/jakarta.mail/2.0.3/jakarta.mail-2.0.3.jar:/Users/priyankpatel/.m2/repository/jakarta/activation/jakarta.activation-api/2.1.3/jakarta.activation-api-2.1.3.jar:/Users/priyankpatel/.m2/repository/org/eclipse/angus/angus-activation/2.0.2/angus-activation-2.0.2.jar:/Users/priyankpatel/.m2/repository/org/springframework/ai/spring-ai-openai-spring-boot-starter/1.0.0-M2/spring-ai-openai-spring-boot-starter-1.0.0-M2.jar:/Users/priyankpatel/.m2/repository/org/springframework/ai/spring-ai-spring-boot-autoconfigure/1.0.0-M2/spring-ai-spring-boot-autoconfigure-1.0.0-M2.jar:/Users/priyankpatel/.m2/repository/org/springframework/ai/spring-ai-openai/1.0.0-M2/spring-ai-openai-1.0.0-M2.jar:/Users/priyankpatel/.m2/repository/org/springframework/ai/spring-ai-core/1.0.0-M2/spring-ai-core-1.0.0-M2.jar:/Users/priyankpatel/.m2/repository/io/swagger/core/v3/swagger-annotations/2.2.20/swagger-annotations-2.2.20.jar:/Users/priyankpatel/.m2/repository/com/github/victools/jsonschema-module-swagger-2/4.35.0/jsonschema-module-swagger-2-4.35.0.jar:/Users/priyankpatel/.m2/repository/org/springframework/cloud/spring-cloud-function-context/4.1.3/spring-cloud-function-context-4.1.3.jar:/Users/priyankpatel/.m2/repository/net/jodah/typetools/0.6.2/typetools-0.6.2.jar:/Users/priyankpatel/.m2/repository/org/springframework/cloud/spring-cloud-function-core/4.1.3/spring-cloud-function-core-4.1.3.jar:/Users/priyankpatel/.m2/repository/org/json/json/20240303/json-20240303.jar:/Users/priyankpatel/.m2/repository/org/antlr/ST4/4.3.4/ST4-4.3.4.jar:/Users/priyankpatel/.m2/repository/org/antlr/antlr-runtime/3.5.3/antlr-runtime-3.5.3.jar:/Users/priyankpatel/.m2/repository/io/projectreactor/reactor-core/3.6.9/reactor-core-3.6.9.jar:/Users/priyankpatel/.m2/repository/org/reactivestreams/reactive-streams/1.0.4/reactive-streams-1.0.4.jar:/Users/priyankpatel/.m2/repository/org/springframework/spring-messaging/6.1.12/spring-messaging-6.1.12.jar:/Users/priyankpatel/.m2/repository/io/micrometer/micrometer-core/1.13.3/micrometer-core-1.13.3.jar:/Users/priyankpatel/.m2/repository/org/hdrhistogram/HdrHistogram/2.2.2/HdrHistogram-2.2.2.jar:/Users/priyankpatel/.m2/repository/org/latencyutils/LatencyUtils/2.0.3/LatencyUtils-2.0.3.jar:/Users/priyankpatel/.m2/repository/com/knuddels/jtokkit/1.1.0/jtokkit-1.1.0.jar:/Users/priyankpatel/.m2/repository/org/springframework/ai/spring-ai-retry/1.0.0-M2/spring-ai-retry-1.0.0-M2.jar:/Users/priyankpatel/.m2/repository/org/springframework/retry/spring-retry/2.0.8/spring-retry-2.0.8.jar:/Users/priyankpatel/.m2/repository/org/springframework/spring-webflux/6.1.12/spring-webflux-6.1.12.jar:/Users/priyankpatel/.m2/repository/io/rest-assured/json-path/5.4.0/json-path-5.4.0.jar:/Users/priyankpatel/.m2/repository/org/apache/groovy/groovy-json/4.0.22/groovy-json-4.0.22.jar:/Users/priyankpatel/.m2/repository/org/apache/groovy/groovy/4.0.22/groovy-4.0.22.jar:/Users/priyankpatel/.m2/repository/io/rest-assured/rest-assured-common/5.4.0/rest-assured-common-5.4.0.jar:/Users/priyankpatel/.m2/repository/org/apache/commons/commons-lang3/3.14.0/commons-lang3-3.14.0.jar:/Users/priyankpatel/.m2/repository/com/github/victools/jsonschema-generator/4.31.1/jsonschema-generator-4.31.1.jar:/Users/priyankpatel/.m2/repository/com/github/victools/jsonschema-module-jackson/4.31.1/jsonschema-module-jackson-4.31.1.jar:/Users/priyankpatel/.m2/repository/org/postgresql/postgresql/42.7.3/postgresql-42.7.3.jar:/Users/priyankpatel/.m2/repository/org/checkerframework/checker-qual/3.42.0/checker-qual-3.42.0.jar:/Users/priyankpatel/.m2/repository/io/jsonwebtoken/jjwt-api/0.11.5/jjwt-api-0.11.5.jar:/Users/priyankpatel/.m2/repository/io/jsonwebtoken/jjwt-impl/0.11.5/jjwt-impl-0.11.5.jar:/Users/priyankpatel/.m2/repository/io/jsonwebtoken/jjwt-jackson/0.11.5/jjwt-jackson-0.11.5.jar:/Users/priyankpatel/.m2/repository/com/fasterxml/jackson/core/jackson-databind/2.17.2/jackson-databind-2.17.2.jar:/Users/priyankpatel/.m2/repository/com/fasterxml/jackson/core/jackson-annotations/2.17.2/jackson-annotations-2.17.2.jar:/Users/priyankpatel/.m2/repository/com/fasterxml/jackson/core/jackson-core/2.17.2/jackson-core-2.17.2.jar:/Users/priyankpatel/.m2/repository/org/projectlombok/lombok/1.18.34/lombok-1.18.34.jar:/Users/priyankpatel/.m2/repository/org/springframework/boot/spring-boot-starter-test/3.3.3/spring-boot-starter-test-3.3.3.jar:/Users/priyankpatel/.m2/repository/org/springframework/boot/spring-boot-test/3.3.3/spring-boot-test-3.3.3.jar:/Users/priyankpatel/.m2/repository/org/springframework/boot/spring-boot-test-autoconfigure/3.3.3/spring-boot-test-autoconfigure-3.3.3.jar:/Users/priyankpatel/.m2/repository/com/jayway/jsonpath/json-path/2.9.0/json-path-2.9.0.jar:/Users/priyankpatel/.m2/repository/jakarta/xml/bind/jakarta.xml.bind-api/4.0.2/jakarta.xml.bind-api-4.0.2.jar:/Users/priyankpatel/.m2/repository/net/minidev/json-smart/2.5.1/json-smart-2.5.1.jar:/Users/priyankpatel/.m2/repository/net/minidev/accessors-smart/2.5.1/accessors-smart-2.5.1.jar:/Users/priyankpatel/.m2/repository/org/ow2/asm/asm/9.6/asm-9.6.jar:/Users/priyankpatel/.m2/repository/org/assertj/assertj-core/3.25.3/assertj-core-3.25.3.jar:/Users/priyankpatel/.m2/repository/org/awaitility/awaitility/4.2.2/awaitility-4.2.2.jar:/Users/priyankpatel/.m2/repository/org/hamcrest/hamcrest/2.2/hamcrest-2.2.jar:/Users/priyankpatel/.m2/repository/org/junit/jupiter/junit-jupiter/5.10.3/junit-jupiter-5.10.3.jar:/Users/priyankpatel/.m2/repository/org/junit/jupiter/junit-jupiter-api/5.10.3/junit-jupiter-api-5.10.3.jar:/Users/priyankpatel/.m2/repository/org/opentest4j/opentest4j/1.3.0/opentest4j-1.3.0.jar:/Users/priyankpatel/.m2/repository/org/junit/platform/junit-platform-commons/1.10.3/junit-platform-commons-1.10.3.jar:/Users/priyankpatel/.m2/repository/org/apiguardian/apiguardian-api/1.1.2/apiguardian-api-1.1.2.jar:/Users/priyankpatel/.m2/repository/org/junit/jupiter/junit-jupiter-params/5.10.3/junit-jupiter-params-5.10.3.jar:/Users/priyankpatel/.m2/repository/org/junit/jupiter/junit-jupiter-engine/5.10.3/junit-jupiter-engine-5.10.3.jar:/Users/priyankpatel/.m2/repository/org/junit/platform/junit-platform-engine/1.10.3/junit-platform-engine-1.10.3.jar:/Users/priyankpatel/.m2/repository/org/mockito/mockito-core/5.11.0/mockito-core-5.11.0.jar:/Users/priyankpatel/.m2/repository/net/bytebuddy/byte-buddy-agent/1.14.19/byte-buddy-agent-1.14.19.jar:/Users/priyankpatel/.m2/repository/org/objenesis/objenesis/3.3/objenesis-3.3.jar:/Users/priyankpatel/.m2/repository/org/mockito/mockito-junit-jupiter/5.11.0/mockito-junit-jupiter-5.11.0.jar:/Users/priyankpatel/.m2/repository/org/skyscreamer/jsonassert/1.5.3/jsonassert-1.5.3.jar:/Users/priyankpatel/.m2/repository/com/vaadin/external/google/android-json/0.0.20131108.vaadin1/android-json-0.0.20131108.vaadin1.jar:/Users/priyankpatel/.m2/repository/org/springframework/spring-core/6.1.12/spring-core-6.1.12.jar:/Users/priyankpatel/.m2/repository/org/springframework/spring-jcl/6.1.12/spring-jcl-6.1.12.jar:/Users/priyankpatel/.m2/repository/org/springframework/spring-test/6.1.12/spring-test-6.1.12.jar:/Users/priyankpatel/.m2/repository/org/xmlunit/xmlunit-core/2.9.1/xmlunit-core-2.9.1.jar:/Users/priyankpatel/.m2/repository/org/springframework/security/spring-security-test/6.3.3/spring-security-test-6.3.3.jar:/Users/priyankpatel/.m2/repository/org/springframework/security/spring-security-core/6.3.3/spring-security-core-6.3.3.jar:/Users/priyankpatel/.m2/repository/org/springframework/security/spring-security-crypto/6.3.3/spring-security-crypto-6.3.3.jar:/Users/priyankpatel/.m2/repository/org/springframework/data/spring-data-redis/3.2.1/spring-data-redis-3.2.1.jar:/Users/priyankpatel/.m2/repository/org/springframework/data/spring-data-keyvalue/3.3.3/spring-data-keyvalue-3.3.3.jar:/Users/priyankpatel/.m2/repository/org/springframework/spring-tx/6.1.12/spring-tx-6.1.12.jar:/Users/priyankpatel/.m2/repository/org/springframework/spring-oxm/6.1.12/spring-oxm-6.1.12.jar:/Users/priyankpatel/.m2/repository/org/slf4j/slf4j-api/2.0.16/slf4j-api-2.0.16.jar:"/>
    <property name="java.vm.vendor" value="Oracle Corporation"/>
    <property name="sun.arch.data.model" value="64"/>
    <property name="java.vendor.url" value="https://java.oracle.com/"/>
    <property name="user.timezone" value="Asia/Kolkata"/>
    <property name="org.jboss.logging.provider" value="slf4j"/>
    <property name="os.name" value="Mac OS X"/>
    <property name="java.vm.specification.version" value="17"/>
    <property name="sun.java.launcher" value="SUN_STANDARD"/>
    <property name="user.country" value="IN"/>
    <property name="sun.boot.library.path" value="/Library/Java/JavaVirtualMachines/jdk-17.jdk/Contents/Home/lib"/>
    <property name="sun.java.command" value="/Users/priyankpatel/Documents/MyCode/JAVA/Quizzer/target/surefire/surefirebooter-20240909081432370_3.jar /Users/priyankpatel/Documents/MyCode/JAVA/Quizzer/target/surefire 2024-09-09T08-14-32_317-jvmRun1 surefire-20240909081432370_1tmp surefire_0-20240909081432370_2tmp"/>
    <property name="http.nonProxyHosts" value="local|*.local|169.254/16|*.169.254/16"/>
    <property name="jdk.debug" value="release"/>
    <property name="surefire.test.class.path" value="/Users/priyankpatel/Documents/MyCode/JAVA/Quizzer/target/test-classes:/Users/priyankpatel/Documents/MyCode/JAVA/Quizzer/target/classes:/Users/priyankpatel/.m2/repository/org/springframework/boot/spring-boot-starter-data-jpa/3.3.3/spring-boot-starter-data-jpa-3.3.3.jar:/Users/priyankpatel/.m2/repository/org/springframework/boot/spring-boot-starter-aop/3.3.3/spring-boot-starter-aop-3.3.3.jar:/Users/priyankpatel/.m2/repository/org/aspectj/aspectjweaver/1.9.22.1/aspectjweaver-1.9.22.1.jar:/Users/priyankpatel/.m2/repository/org/springframework/boot/spring-boot-starter-jdbc/3.3.3/spring-boot-starter-jdbc-3.3.3.jar:/Users/priyankpatel/.m2/repository/com/zaxxer/HikariCP/5.1.0/HikariCP-5.1.0.jar:/Users/priyankpatel/.m2/repository/org/springframework/spring-jdbc/6.1.12/spring-jdbc-6.1.12.jar:/Users/priyankpatel/.m2/repository/org/hibernate/orm/hibernate-core/6.5.2.Final/hibernate-core-6.5.2.Final.jar:/Users/priyankpatel/.m2/repository/jakarta/persistence/jakarta.persistence-api/3.1.0/jakarta.persistence-api-3.1.0.jar:/Users/priyankpatel/.m2/repository/jakarta/transaction/jakarta.transaction-api/2.0.1/jakarta.transaction-api-2.0.1.jar:/Users/priyankpatel/.m2/repository/org/jboss/logging/jboss-logging/3.5.3.Final/jboss-logging-3.5.3.Final.jar:/Users/priyankpatel/.m2/repository/org/hibernate/common/hibernate-commons-annotations/6.0.6.Final/hibernate-commons-annotations-6.0.6.Final.jar:/Users/priyankpatel/.m2/repository/io/smallrye/jandex/3.1.2/jandex-3.1.2.jar:/Users/priyankpatel/.m2/repository/com/fasterxml/classmate/1.7.0/classmate-1.7.0.jar:/Users/priyankpatel/.m2/repository/net/bytebuddy/byte-buddy/1.14.19/byte-buddy-1.14.19.jar:/Users/priyankpatel/.m2/repository/org/glassfish/jaxb/jaxb-runtime/4.0.5/jaxb-runtime-4.0.5.jar:/Users/priyankpatel/.m2/repository/org/glassfish/jaxb/jaxb-core/4.0.5/jaxb-core-4.0.5.jar:/Users/priyankpatel/.m2/repository/org/glassfish/jaxb/txw2/4.0.5/txw2-4.0.5.jar:/Users/priyankpatel/.m2/repository/com/sun/istack/istack-commons-runtime/4.1.2/istack-commons-runtime-4.1.2.jar:/Users/priyankpatel/.m2/repository/jakarta/inject/jakarta.inject-api/2.0.1/jakarta.inject-api-2.0.1.jar:/Users/priyankpatel/.m2/repository/org/antlr/antlr4-runtime/4.13.0/antlr4-runtime-4.13.0.jar:/Users/priyankpatel/.m2/repository/org/springframework/data/spring-data-jpa/3.3.3/spring-data-jpa-3.3.3.jar:/Users/priyankpatel/.m2/repository/org/springframework/data/spring-data-commons/3.3.3/spring-data-commons-3.3.3.jar:/Users/priyankpatel/.m2/repository/org/springframework/spring-orm/6.1.12/spring-orm-6.1.12.jar:/Users/priyankpatel/.m2/repository/org/springframework/spring-context/6.1.12/spring-context-6.1.12.jar:/Users/priyankpatel/.m2/repository/org/springframework/spring-beans/6.1.12/spring-beans-6.1.12.jar:/Users/priyankpatel/.m2/repository/jakarta/annotation/jakarta.annotation-api/2.1.1/jakarta.annotation-api-2.1.1.jar:/Users/priyankpatel/.m2/repository/org/springframework/spring-aspects/6.1.12/spring-aspects-6.1.12.jar:/Users/priyankpatel/.m2/repository/org/springframework/boot/spring-boot-starter-security/3.3.3/spring-boot-starter-security-3.3.3.jar:/Users/priyankpatel/.m2/repository/org/springframework/boot/spring-boot-starter/3.3.3/spring-boot-starter-3.3.3.jar:/Users/priyankpatel/.m2/repository/org/springframework/boot/spring-boot/3.3.3/spring-boot-3.3.3.jar:/Users/priyankpatel/.m2/repository/org/springframework/boot/spring-boot-autoconfigure/3.3.3/spring-boot-autoconfigure-3.3.3.jar:/Users/priyankpatel/.m2/repository/org/springframework/boot/spring-boot-starter-logging/3.3.3/spring-boot-starter-logging-3.3.3.jar:/Users/priyankpatel/.m2/repository/ch/qos/logback/logback-classic/1.5.7/logback-classic-1.5.7.jar:/Users/priyankpatel/.m2/repository/ch/qos/logback/logback-core/1.5.7/logback-core-1.5.7.jar:/Users/priyankpatel/.m2/repository/org/apache/logging/log4j/log4j-to-slf4j/2.23.1/log4j-to-slf4j-2.23.1.jar:/Users/priyankpatel/.m2/repository/org/apache/logging/log4j/log4j-api/2.23.1/log4j-api-2.23.1.jar:/Users/priyankpatel/.m2/repository/org/slf4j/jul-to-slf4j/2.0.16/jul-to-slf4j-2.0.16.jar:/Users/priyankpatel/.m2/repository/org/yaml/snakeyaml/2.2/snakeyaml-2.2.jar:/Users/priyankpatel/.m2/repository/org/springframework/spring-aop/6.1.12/spring-aop-6.1.12.jar:/Users/priyankpatel/.m2/repository/org/springframework/security/spring-security-config/6.3.3/spring-security-config-6.3.3.jar:/Users/priyankpatel/.m2/repository/org/springframework/security/spring-security-web/6.3.3/spring-security-web-6.3.3.jar:/Users/priyankpatel/.m2/repository/org/springframework/spring-expression/6.1.12/spring-expression-6.1.12.jar:/Users/priyankpatel/.m2/repository/org/springframework/boot/spring-boot-starter-validation/3.3.3/spring-boot-starter-validation-3.3.3.jar:/Users/priyankpatel/.m2/repository/org/apache/tomcat/embed/tomcat-embed-el/10.1.28/tomcat-embed-el-10.1.28.jar:/Users/priyankpatel/.m2/repository/org/hibernate/validator/hibernate-validator/8.0.1.Final/hibernate-validator-8.0.1.Final.jar:/Users/priyankpatel/.m2/repository/jakarta/validation/jakarta.validation-api/3.0.2/jakarta.validation-api-3.0.2.jar:/Users/priyankpatel/.m2/repository/org/springframework/boot/spring-boot-starter-web/3.3.3/spring-boot-starter-web-3.3.3.jar:/Users/priyankpatel/.m2/repository/org/springframework/boot/spring-boot-starter-json/3.3.3/spring-boot-starter-json-3.3.3.jar:/Users/priyankpatel/.m2/repository/com/fasterxml/jackson/datatype/jackson-datatype-jdk8/2.17.2/jackson-datatype-jdk8-2.17.2.jar:/Users/priyankpatel/.m2/repository/com/fasterxml/jackson/datatype/jackson-datatype-jsr310/2.17.2/jackson-datatype-jsr310-2.17.2.jar:/Users/priyankpatel/.m2/repository/com/fasterxml/jackson/module/jackson-module-parameter-names/2.17.2/jackson-module-parameter-names-2.17.2.jar:/Users/priyankpatel/.m2/repository/org/springframework/boot/spring-boot-starter-tomcat/3.3.3/spring-boot-starter-tomcat-3.3.3.jar:/Users/priyankpatel/.m2/repository/org/apache/tomcat/embed/tomcat-embed-core/10.1.28/tomcat-embed-core-10.1.28.jar:/Users/priyankpatel/.m2/repository/org/apache/tomcat/embed/tomcat-embed-websocket/10.1.28/tomcat-embed-websocket-10.1.28.jar:/Users/priyankpatel/.m2/repository/org/springframework/spring-web/6.1.12/spring-web-6.1.12.jar:/Users/priyankpatel/.m2/repository/io/micrometer/micrometer-observation/1.13.3/micrometer-observation-1.13.3.jar:/Users/priyankpatel/.m2/repository/io/micrometer/micrometer-commons/1.13.3/micrometer-commons-1.13.3.jar:/Users/priyankpatel/.m2/repository/org/springframework/spring-webmvc/6.1.12/spring-webmvc-6.1.12.jar:/Users/priyankpatel/.m2/repository/org/springframework/boot/spring-boot-starter-mail/3.3.3/spring-boot-starter-mail-3.3.3.jar:/Users/priyankpatel/.m2/repository/org/springframework/spring-context-support/6.1.12/spring-context-support-6.1.12.jar:/Users/priyankpatel/.m2/repository/org/eclipse/angus/jakarta.mail/2.0.3/jakarta.mail-2.0.3.jar:/Users/priyankpatel/.m2/repository/jakarta/activation/jakarta.activation-api/2.1.3/jakarta.activation-api-2.1.3.jar:/Users/priyankpatel/.m2/repository/org/eclipse/angus/angus-activation/2.0.2/angus-activation-2.0.2.jar:/Users/priyankpatel/.m2/repository/org/springframework/ai/spring-ai-openai-spring-boot-starter/1.0.0-M2/spring-ai-openai-spring-boot-starter-1.0.0-M2.jar:/Users/priyankpatel/.m2/repository/org/springframework/ai/spring-ai-spring-boot-autoconfigure/1.0.0-M2/spring-ai-spring-boot-autoconfigure-1.0.0-M2.jar:/Users/priyankpatel/.m2/repository/org/springframework/ai/spring-ai-openai/1.0.0-M2/spring-ai-openai-1.0.0-M2.jar:/Users/priyankpatel/.m2/repository/org/springframework/ai/spring-ai-core/1.0.0-M2/spring-ai-core-1.0.0-M2.jar:/Users/priyankpatel/.m2/repository/io/swagger/core/v3/swagger-annotations/2.2.20/swagger-annotations-2.2.20.jar:/Users/priyankpatel/.m2/repository/com/github/victools/jsonschema-module-swagger-2/4.35.0/jsonschema-module-swagger-2-4.35.0.jar:/Users/priyankpatel/.m2/repository/org/springframework/cloud/spring-cloud-function-context/4.1.3/spring-cloud-function-context-4.1.3.jar:/Users/priyankpatel/.m2/repository/net/jodah/typetools/0.6.2/typetools-0.6.2.jar:/Users/priyankpatel/.m2/repository/org/springframework/cloud/spring-cloud-function-core/4.1.3/spring-cloud-function-core-4.1.3.jar:/Users/priyankpatel/.m2/repository/org/json/json/20240303/json-20240303.jar:/Users/priyankpatel/.m2/repository/org/antlr/ST4/4.3.4/ST4-4.3.4.jar:/Users/priyankpatel/.m2/repository/org/antlr/antlr-runtime/3.5.3/antlr-runtime-3.5.3.jar:/Users/priyankpatel/.m2/repository/io/projectreactor/reactor-core/3.6.9/reactor-core-3.6.9.jar:/Users/priyankpatel/.m2/repository/org/reactivestreams/reactive-streams/1.0.4/reactive-streams-1.0.4.jar:/Users/priyankpatel/.m2/repository/org/springframework/spring-messaging/6.1.12/spring-messaging-6.1.12.jar:/Users/priyankpatel/.m2/repository/io/micrometer/micrometer-core/1.13.3/micrometer-core-1.13.3.jar:/Users/priyankpatel/.m2/repository/org/hdrhistogram/HdrHistogram/2.2.2/HdrHistogram-2.2.2.jar:/Users/priyankpatel/.m2/repository/org/latencyutils/LatencyUtils/2.0.3/LatencyUtils-2.0.3.jar:/Users/priyankpatel/.m2/repository/com/knuddels/jtokkit/1.1.0/jtokkit-1.1.0.jar:/Users/priyankpatel/.m2/repository/org/springframework/ai/spring-ai-retry/1.0.0-M2/spring-ai-retry-1.0.0-M2.jar:/Users/priyankpatel/.m2/repository/org/springframework/retry/spring-retry/2.0.8/spring-retry-2.0.8.jar:/Users/priyankpatel/.m2/repository/org/springframework/spring-webflux/6.1.12/spring-webflux-6.1.12.jar:/Users/priyankpatel/.m2/repository/io/rest-assured/json-path/5.4.0/json-path-5.4.0.jar:/Users/priyankpatel/.m2/repository/org/apache/groovy/groovy-json/4.0.22/groovy-json-4.0.22.jar:/Users/priyankpatel/.m2/repository/org/apache/groovy/groovy/4.0.22/groovy-4.0.22.jar:/Users/priyankpatel/.m2/repository/io/rest-assured/rest-assured-common/5.4.0/rest-assured-common-5.4.0.jar:/Users/priyankpatel/.m2/repository/org/apache/commons/commons-lang3/3.14.0/commons-lang3-3.14.0.jar:/Users/priyankpatel/.m2/repository/com/github/victools/jsonschema-generator/4.31.1/jsonschema-generator-4.31.1.jar:/Users/priyankpatel/.m2/repository/com/github/victools/jsonschema-module-jackson/4.31.1/jsonschema-module-jackson-4.31.1.jar:/Users/priyankpatel/.m2/repository/org/postgresql/postgresql/42.7.3/postgresql-42.7.3.jar:/Users/priyankpatel/.m2/repository/org/checkerframework/checker-qual/3.42.0/checker-qual-3.42.0.jar:/Users/priyankpatel/.m2/repository/io/jsonwebtoken/jjwt-api/0.11.5/jjwt-api-0.11.5.jar:/Users/priyankpatel/.m2/repository/io/jsonwebtoken/jjwt-impl/0.11.5/jjwt-impl-0.11.5.jar:/Users/priyankpatel/.m2/repository/io/jsonwebtoken/jjwt-jackson/0.11.5/jjwt-jackson-0.11.5.jar:/Users/priyankpatel/.m2/repository/com/fasterxml/jackson/core/jackson-databind/2.17.2/jackson-databind-2.17.2.jar:/Users/priyankpatel/.m2/repository/com/fasterxml/jackson/core/jackson-annotations/2.17.2/jackson-annotations-2.17.2.jar:/Users/priyankpatel/.m2/repository/com/fasterxml/jackson/core/jackson-core/2.17.2/jackson-core-2.17.2.jar:/Users/priyankpatel/.m2/repository/org/projectlombok/lombok/1.18.34/lombok-1.18.34.jar:/Users/priyankpatel/.m2/repository/org/springframework/boot/spring-boot-starter-test/3.3.3/spring-boot-starter-test-3.3.3.jar:/Users/priyankpatel/.m2/repository/org/springframework/boot/spring-boot-test/3.3.3/spring-boot-test-3.3.3.jar:/Users/priyankpatel/.m2/repository/org/springframework/boot/spring-boot-test-autoconfigure/3.3.3/spring-boot-test-autoconfigure-3.3.3.jar:/Users/priyankpatel/.m2/repository/com/jayway/jsonpath/json-path/2.9.0/json-path-2.9.0.jar:/Users/priyankpatel/.m2/repository/jakarta/xml/bind/jakarta.xml.bind-api/4.0.2/jakarta.xml.bind-api-4.0.2.jar:/Users/priyankpatel/.m2/repository/net/minidev/json-smart/2.5.1/json-smart-2.5.1.jar:/Users/priyankpatel/.m2/repository/net/minidev/accessors-smart/2.5.1/accessors-smart-2.5.1.jar:/Users/priyankpatel/.m2/repository/org/ow2/asm/asm/9.6/asm-9.6.jar:/Users/priyankpatel/.m2/repository/org/assertj/assertj-core/3.25.3/assertj-core-3.25.3.jar:/Users/priyankpatel/.m2/repository/org/awaitility/awaitility/4.2.2/awaitility-4.2.2.jar:/Users/priyankpatel/.m2/repository/org/hamcrest/hamcrest/2.2/hamcrest-2.2.jar:/Users/priyankpatel/.m2/repository/org/junit/jupiter/junit-jupiter/5.10.3/junit-jupiter-5.10.3.jar:/Users/priyankpatel/.m2/repository/org/junit/jupiter/junit-jupiter-api/5.10.3/junit-jupiter-api-5.10.3.jar:/Users/priyankpatel/.m2/repository/org/opentest4j/opentest4j/1.3.0/opentest4j-1.3.0.jar:/Users/priyankpatel/.m2/repository/org/junit/platform/junit-platform-commons/1.10.3/junit-platform-commons-1.10.3.jar:/Users/priyankpatel/.m2/repository/org/apiguardian/apiguardian-api/1.1.2/apiguardian-api-1.1.2.jar:/Users/priyankpatel/.m2/repository/org/junit/jupiter/junit-jupiter-params/5.10.3/junit-jupiter-params-5.10.3.jar:/Users/priyankpatel/.m2/repository/org/junit/jupiter/junit-jupiter-engine/5.10.3/junit-jupiter-engine-5.10.3.jar:/Users/priyankpatel/.m2/repository/org/junit/platform/junit-platform-engine/1.10.3/junit-platform-engine-1.10.3.jar:/Users/priyankpatel/.m2/repository/org/mockito/mockito-core/5.11.0/mockito-core-5.11.0.jar:/Users/priyankpatel/.m2/repository/net/bytebuddy/byte-buddy-agent/1.14.19/byte-buddy-agent-1.14.19.jar:/Users/priyankpatel/.m2/repository/org/objenesis/objenesis/3.3/objenesis-3.3.jar:/Users/priyankpatel/.m2/repository/org/mockito/mockito-junit-jupiter/5.11.0/mockito-junit-jupiter-5.11.0.jar:/Users/priyankpatel/.m2/repository/org/skyscreamer/jsonassert/1.5.3/jsonassert-1.5.3.jar:/Users/priyankpatel/.m2/repository/com/vaadin/external/google/android-json/0.0.20131108.vaadin1/android-json-0.0.20131108.vaadin1.jar:/Users/priyankpatel/.m2/repository/org/springframework/spring-core/6.1.12/spring-core-6.1.12.jar:/Users/priyankpatel/.m2/repository/org/springframework/spring-jcl/6.1.12/spring-jcl-6.1.12.jar:/Users/priyankpatel/.m2/repository/org/springframework/spring-test/6.1.12/spring-test-6.1.12.jar:/Users/priyankpatel/.m2/repository/org/xmlunit/xmlunit-core/2.9.1/xmlunit-core-2.9.1.jar:/Users/priyankpatel/.m2/repository/org/springframework/security/spring-security-test/6.3.3/spring-security-test-6.3.3.jar:/Users/priyankpatel/.m2/repository/org/springframework/security/spring-security-core/6.3.3/spring-security-core-6.3.3.jar:/Users/priyankpatel/.m2/repository/org/springframework/security/spring-security-crypto/6.3.3/spring-security-crypto-6.3.3.jar:/Users/priyankpatel/.m2/repository/org/springframework/data/spring-data-redis/3.2.1/spring-data-redis-3.2.1.jar:/Users/priyankpatel/.m2/repository/org/springframework/data/spring-data-keyvalue/3.3.3/spring-data-keyvalue-3.3.3.jar:/Users/priyankpatel/.m2/repository/org/springframework/spring-tx/6.1.12/spring-tx-6.1.12.jar:/Users/priyankpatel/.m2/repository/org/springframework/spring-oxm/6.1.12/spring-oxm-6.1.12.jar:/Users/priyankpatel/.m2/repository/org/slf4j/slf4j-api/2.0.16/slf4j-api-2.0.16.jar:"/>
    <property name="sun.cpu.endian" value="little"/>
    <property name="user.home" value="/Users/priyankpatel"/>
    <property name="user.language" value="en"/>
    <property name="java.specification.vendor" value="Oracle Corporation"/>
    <property name="java.version.date" value="2023-10-17"/>
    <property name="java.home" value="/Library/Java/JavaVirtualMachines/jdk-17.jdk/Contents/Home"/>
    <property name="file.separator" value="/"/>
    <property name="basedir" value="/Users/priyankpatel/Documents/MyCode/JAVA/Quizzer"/>
    <property name="java.vm.compressedOopsMode" value="Zero based"/>
    <property name="line.separator" value="&#10;"/>
    <property name="java.vm.specification.vendor" value="Oracle Corporation"/>
    <property name="java.specification.name" value="Java Platform API Specification"/>
    <property name="FILE_LOG_CHARSET" value="UTF-8"/>
    <property name="java.awt.headless" value="true"/>
    <property name="surefire.real.class.path" value="/Users/priyankpatel/Documents/MyCode/JAVA/Quizzer/target/surefire/surefirebooter-20240909081432370_3.jar"/>
    <property name="sun.management.compiler" value="HotSpot 64-Bit Tiered Compilers"/>
    <property name="ftp.nonProxyHosts" value="local|*.local|169.254/16|*.169.254/16"/>
    <property name="java.runtime.version" value="17.0.9+11-LTS-201"/>
    <property name="user.name" value="priyankpatel"/>
    <property name="path.separator" value=":"/>
    <property name="os.version" value="14.5"/>
    <property name="java.runtime.name" value="Java(TM) SE Runtime Environment"/>
    <property name="file.encoding" value="UTF-8"/>
    <property name="java.vm.name" value="Java HotSpot(TM) 64-Bit Server VM"/>
    <property name="localRepository" value="/Users/priyankpatel/.m2/repository"/>
    <property name="java.vendor.url.bug" value="https://bugreport.java.com/bugreport/"/>
    <property name="java.io.tmpdir" value="/var/folders/vq/s128_vd5193g74fjj0vqm4n40000gn/T/"/>
    <property name="com.zaxxer.hikari.pool_number" value="1"/>
    <property name="java.version" value="17.0.9"/>
    <property name="user.dir" value="/Users/priyankpatel/Documents/MyCode/JAVA/Quizzer"/>
    <property name="os.arch" value="aarch64"/>
    <property name="java.vm.specification.name" value="Java Virtual Machine Specification"/>
    <property name="PID" value="20417"/>
    <property name="CONSOLE_LOG_CHARSET" value="UTF-8"/>
    <property name="native.encoding" value="UTF-8"/>
    <property name="java.library.path" value="/Users/priyankpatel/Library/Java/Extensions:/Library/Java/Extensions:/Network/Library/Java/Extensions:/System/Library/Java/Extensions:/usr/lib/java:."/>
    <property name="java.vm.info" value="mixed mode, sharing"/>
    <property name="java.vendor" value="Oracle Corporation"/>
    <property name="java.vm.version" value="17.0.9+11-LTS-201"/>
    <property name="sun.io.unicode.encoding" value="UnicodeBig"/>
    <property name="socksNonProxyHosts" value="local|*.local|169.254/16|*.169.254/16"/>
    <property name="java.class.version" value="61.0"/>
  </properties>
  <testcase name="contextLoads" classname="com.quizzer.QuizzerApplicationTests" time="0.311">
    <system-out><![CDATA[08:14:32.808 [main] INFO org.springframework.test.context.support.AnnotationConfigContextLoaderUtils -- Could not detect default configuration classes for test class [com.quizzer.QuizzerApplicationTests]: QuizzerApplicationTests does not declare any static, non-private, non-final, nested classes annotated with @Configuration.
08:14:32.859 [main] INFO org.springframework.boot.test.context.SpringBootTestContextBootstrapper -- Found @SpringBootConfiguration com.quizzer.QuizzerApplication for test class com.quizzer.QuizzerApplicationTests

  .   ____          _            __ _ _
 /\\ / ___'_ __ _ _(_)_ __  __ _ \ \ \ \
( ( )\___ | '_ | '_| | '_ \/ _` | \ \ \ \
 \\/  ___)| |_)| | | | | || (_| |  ) ) ) )
  '  |____| .__|_| |_|_| |_\__, | / / / /
 =========|_|==============|___/=/_/_/_/

 :: Spring Boot ::                (v3.3.3)

2024-09-09T08:14:33.087+05:30  WARN 20417 --- [           main] ory$DuplicateJsonObjectContextCustomizer : 

Found multiple occurrences of org.json.JSONObject on the class path:

	jar:file:/Users/priyankpatel/.m2/repository/org/json/json/20240303/json-20240303.jar!/org/json/JSONObject.class
	jar:file:/Users/priyankpatel/.m2/repository/com/vaadin/external/google/android-json/0.0.20131108.vaadin1/android-json-0.0.20131108.vaadin1.jar!/org/json/JSONObject.class

You may wish to exclude one of them to ensure predictable runtime behavior

2024-09-09T08:14:33.096+05:30  INFO 20417 --- [           main] com.quizzer.QuizzerApplicationTests      : Starting QuizzerApplicationTests using Java 17.0.9 with PID 20417 (started by priyankpatel in /Users/priyankpatel/Documents/MyCode/JAVA/Quizzer)
2024-09-09T08:14:33.097+05:30  INFO 20417 --- [           main] com.quizzer.QuizzerApplicationTests      : No active profile set, falling back to 1 default profile: "default"
2024-09-09T08:14:33.605+05:30  INFO 20417 --- [           main] .s.d.r.c.RepositoryConfigurationDelegate : Multiple Spring Data modules found, entering strict repository configuration mode
2024-09-09T08:14:33.606+05:30  INFO 20417 --- [           main] .s.d.r.c.RepositoryConfigurationDelegate : Bootstrapping Spring Data JPA repositories in DEFAULT mode.
2024-09-09T08:14:33.685+05:30  INFO 20417 --- [           main] .s.d.r.c.RepositoryConfigurationDelegate : Finished Spring Data repository scanning in 74 ms. Found 7 JPA repository interfaces.
2024-09-09T08:14:34.036+05:30  INFO 20417 --- [           main] o.hibernate.jpa.internal.util.LogHelper  : HHH000204: Processing PersistenceUnitInfo [name: default]
2024-09-09T08:14:34.067+05:30  INFO 20417 --- [           main] org.hibernate.Version                    : HHH000412: Hibernate ORM core version 6.5.2.Final
2024-09-09T08:14:34.084+05:30  INFO 20417 --- [           main] o.h.c.internal.RegionFactoryInitiator    : HHH000026: Second-level cache disabled
2024-09-09T08:14:34.225+05:30  INFO 20417 --- [           main] o.s.o.j.p.SpringPersistenceUnitInfo      : No LoadTimeWeaver setup: ignoring JPA class transformer
2024-09-09T08:14:34.238+05:30  INFO 20417 --- [           main] com.zaxxer.hikari.HikariDataSource       : HikariPool-1 - Starting...
2024-09-09T08:14:34.413+05:30  INFO 20417 --- [           main] com.zaxxer.hikari.pool.HikariPool        : HikariPool-1 - Added connection org.postgresql.jdbc.PgConnection@7b795db7
2024-09-09T08:14:34.415+05:30  INFO 20417 --- [           main] com.zaxxer.hikari.HikariDataSource       : HikariPool-1 - Start completed.
2024-09-09T08:14:34.479+05:30  WARN 20417 --- [           main] org.hibernate.orm.deprecation            : HHH90000025: PostgreSQLDialect does not need to be specified explicitly using 'hibernate.dialect' (remove the property setting and it will be selected by default)
2024-09-09T08:14:35.035+05:30  INFO 20417 --- [           main] o.h.e.t.j.p.i.JtaPlatformInitiator       : HHH000489: No JTA platform available (set 'hibernate.transaction.jta.platform' to enable JTA platform integration)
2024-09-09T08:14:35.239+05:30  INFO 20417 --- [           main] j.LocalContainerEntityManagerFactoryBean : Initialized JPA EntityManagerFactory for persistence unit 'default'
2024-09-09T08:14:35.432+05:30  INFO 20417 --- [           main] o.s.d.j.r.query.QueryEnhancerFactory     : Hibernate is in classpath; If applicable, HQL parser will be used.
2024-09-09T08:14:35.942+05:30  INFO 20417 --- [           main] eAuthenticationProviderManagerConfigurer : Global AuthenticationManager configured with AuthenticationProvider bean with name authenticationProvider
2024-09-09T08:14:35.942+05:30  WARN 20417 --- [           main] r$InitializeUserDetailsManagerConfigurer : Global AuthenticationManager configured with an AuthenticationProvider bean. UserDetailsService beans will not be used for username/password login. Consider removing the AuthenticationProvider bean. Alternatively, consider using the UserDetailsService in a manually instantiated DaoAuthenticationProvider.
2024-09-09T08:14:35.960+05:30  WARN 20417 --- [           main] JpaBaseConfiguration$JpaWebConfiguration : spring.jpa.open-in-view is enabled by default. Therefore, database queries may be performed during view rendering. Explicitly configure spring.jpa.open-in-view to disable this warning
2024-09-09T08:14:36.330+05:30  INFO 20417 --- [           main] com.quizzer.QuizzerApplicationTests      : Started QuizzerApplicationTests in 3.401 seconds (process running for 3.913)
Hibernate: select q1_0.quiz_id,q1_0.created_on,q1_0.difficulty,q1_0.grade,q1_0.max_score,q1_0.subject,q1_0.total_questions,q2_0.quizzes_quiz_id,q2_0.question_id,q2_0.correct_answer,q2_0.hint,q2_0.question_text from quiz q1_0 left join question q2_0 on q1_0.quiz_id=q2_0.quizzes_quiz_id where q1_0.quiz_id=?
Optional.empty
]]></system-out>
  </testcase>
</testsuite>